<?xml version="1.0" encoding="UTF-8"?>
<!-- Generated by org.testng.reporters.JUnitXMLReporter -->
<testsuite hostname="DESKTOP-601C7K2" ignored="0" name="Default test" tests="3" failures="0" timestamp="29 Sep 2019 06:56:53 GMT" time="57.055" errors="0">
  <testcase name="NewCustomerPageTest" time="0.948" classname="com.qa.BankApplication.tests.NewCustomerTest"/>
  <testcase name="NewCustomerPageTest" time="0.948" classname="com.qa.BankApplication.tests.NewCustomerTest"/>
  <testcase name="NewCustomerPageTest" time="1.013" classname="com.qa.BankApplication.tests.NewCustomerTest"/>
</testsuite> <!-- Default test -->
