<?xml version="1.0" encoding="UTF-8"?>
<testng-results skipped="0" failed="0" ignored="0" total="2" passed="2">
  <reporter-output>
  </reporter-output>
  <suite name="Default suite" duration-ms="46132" started-at="2019-10-05T03:43:12Z" finished-at="2019-10-05T03:43:58Z">
    <groups>
    </groups>
    <test name="Default test" duration-ms="46132" started-at="2019-10-05T03:43:12Z" finished-at="2019-10-05T03:43:58Z">
      <class name="com.qa.BankApplication.tests.LoginTest">
        <test-method status="PASS" signature="setUp()[pri:0, instance:com.qa.BankApplication.tests.LoginTest@3c0ecd4b]" name="setUp" is-config="true" duration-ms="30179" started-at="2019-10-05T03:43:12Z" finished-at="2019-10-05T03:43:42Z">
          <reporter-output>
          </reporter-output>
        </test-method> <!-- setUp -->
        <test-method status="PASS" signature="loginTest()[pri:1, instance:com.qa.BankApplication.tests.LoginTest@3c0ecd4b]" name="loginTest" duration-ms="2267" started-at="2019-10-05T03:43:42Z" description="login test with correct username and correct password...." finished-at="2019-10-05T03:43:44Z">
          <reporter-output>
          </reporter-output>
        </test-method> <!-- loginTest -->
        <test-method status="PASS" signature="tearDown()[pri:0, instance:com.qa.BankApplication.tests.LoginTest@3c0ecd4b]" name="tearDown" is-config="true" duration-ms="948" started-at="2019-10-05T03:43:44Z" finished-at="2019-10-05T03:43:45Z">
          <reporter-output>
          </reporter-output>
        </test-method> <!-- tearDown -->
        <test-method status="PASS" signature="setUp()[pri:0, instance:com.qa.BankApplication.tests.LoginTest@3c0ecd4b]" name="setUp" is-config="true" duration-ms="11905" started-at="2019-10-05T03:43:45Z" finished-at="2019-10-05T03:43:57Z">
          <reporter-output>
          </reporter-output>
        </test-method> <!-- setUp -->
        <test-method status="PASS" signature="loginPageTitleTest()[pri:2, instance:com.qa.BankApplication.tests.LoginTest@3c0ecd4b]" name="loginPageTitleTest" duration-ms="30" started-at="2019-10-05T03:43:57Z" description="login page title test...." finished-at="2019-10-05T03:43:57Z">
          <reporter-output>
          </reporter-output>
        </test-method> <!-- loginPageTitleTest -->
        <test-method status="PASS" signature="tearDown()[pri:0, instance:com.qa.BankApplication.tests.LoginTest@3c0ecd4b]" name="tearDown" is-config="true" duration-ms="644" started-at="2019-10-05T03:43:57Z" finished-at="2019-10-05T03:43:58Z">
          <reporter-output>
          </reporter-output>
        </test-method> <!-- tearDown -->
      </class> <!-- com.qa.BankApplication.tests.LoginTest -->
    </test> <!-- Default test -->
  </suite> <!-- Default suite -->
</testng-results>
