<?xml version="1.0" encoding="UTF-8"?>
<testng-results skipped="0" failed="0" ignored="0" total="2" passed="2">
  <reporter-output>
  </reporter-output>
  <suite name="Default suite" duration-ms="23388" started-at="2019-09-08T07:16:02Z" finished-at="2019-09-08T07:16:26Z">
    <groups>
    </groups>
    <test name="Default test" duration-ms="23388" started-at="2019-09-08T07:16:02Z" finished-at="2019-09-08T07:16:26Z">
      <class name="com.qa.BankApplication.tests.LoginTest">
        <test-method status="PASS" signature="setUp()[pri:0, instance:com.qa.BankApplication.tests.LoginTest@6a4f787b]" name="setUp" is-config="true" duration-ms="11470" started-at="2019-09-08T07:16:02Z" finished-at="2019-09-08T07:16:14Z">
          <reporter-output>
          </reporter-output>
        </test-method> <!-- setUp -->
        <test-method status="PASS" signature="loginTest()[pri:1, instance:com.qa.BankApplication.tests.LoginTest@6a4f787b]" name="loginTest" duration-ms="1949" started-at="2019-09-08T07:16:14Z" description="login test with correct username and correct password...." finished-at="2019-09-08T07:16:16Z">
          <reporter-output>
          </reporter-output>
        </test-method> <!-- loginTest -->
        <test-method status="PASS" signature="tearDown()[pri:0, instance:com.qa.BankApplication.tests.LoginTest@6a4f787b]" name="tearDown" is-config="true" duration-ms="792" started-at="2019-09-08T07:16:16Z" finished-at="2019-09-08T07:16:17Z">
          <reporter-output>
          </reporter-output>
        </test-method> <!-- tearDown -->
        <test-method status="PASS" signature="setUp()[pri:0, instance:com.qa.BankApplication.tests.LoginTest@6a4f787b]" name="setUp" is-config="true" duration-ms="8025" started-at="2019-09-08T07:16:17Z" finished-at="2019-09-08T07:16:25Z">
          <reporter-output>
          </reporter-output>
        </test-method> <!-- setUp -->
        <test-method status="PASS" signature="loginPageTitleTest()[pri:2, instance:com.qa.BankApplication.tests.LoginTest@6a4f787b]" name="loginPageTitleTest" duration-ms="39" started-at="2019-09-08T07:16:25Z" description="login page title test...." finished-at="2019-09-08T07:16:25Z">
          <reporter-output>
          </reporter-output>
        </test-method> <!-- loginPageTitleTest -->
        <test-method status="PASS" signature="tearDown()[pri:0, instance:com.qa.BankApplication.tests.LoginTest@6a4f787b]" name="tearDown" is-config="true" duration-ms="1088" started-at="2019-09-08T07:16:25Z" finished-at="2019-09-08T07:16:26Z">
          <reporter-output>
          </reporter-output>
        </test-method> <!-- tearDown -->
      </class> <!-- com.qa.BankApplication.tests.LoginTest -->
    </test> <!-- Default test -->
  </suite> <!-- Default suite -->
</testng-results>
