<?xml version="1.0" encoding="UTF-8"?>
<!-- Generated by org.testng.reporters.JUnitXMLReporter -->
<testsuite hostname="DESKTOP-601C7K2" ignored="0" name="Guru99 Bank Application test Sanity test" tests="5" failures="0" timestamp="02 Sep 2019 06:49:34 GMT" time="81.3" errors="0">
  <testcase name="loginTest" time="6.336" classname="com.qa.BankApplication.tests.LoginTest"/>
  <testcase name="verifyHomePageTitleTest" time="0.011" classname="com.qa.BankApplication.tests.HomePageTest"/>
  <testcase name="loginPageTitleTest" time="0.006" classname="com.qa.BankApplication.tests.LoginTest"/>
  <testcase name="verifyHomePageHeaderTest" time="0.029" classname="com.qa.BankApplication.tests.HomePageTest"/>
  <testcase name="verifyLoggedUserAccoutName" time="0.031" classname="com.qa.BankApplication.tests.HomePageTest"/>
</testsuite> <!-- Guru99 Bank Application test Sanity test -->
